{"name":"hexo","hostname":"shawn-HP","pid":9312,"level":20,"msg":"Hexo version: 3.3.1","time":"2017-04-12T09:37:07.915Z","v":0}
{"name":"hexo","hostname":"shawn-HP","pid":9312,"level":20,"msg":"Working directory: E:\\fengjie\\blog\\","time":"2017-04-12T09:37:07.917Z","v":0}
{"name":"hexo","hostname":"shawn-HP","pid":9312,"level":20,"msg":"Config loaded: E:\\fengjie\\blog\\_config.yml","time":"2017-04-12T09:37:07.999Z","v":0}
{"name":"hexo","hostname":"shawn-HP","pid":9312,"level":20,"msg":"Plugin loaded: hexo-deployer-git","time":"2017-04-12T09:37:08.011Z","v":0}
{"name":"hexo","hostname":"shawn-HP","pid":9312,"level":20,"msg":"Plugin loaded: hexo-generator-category","time":"2017-04-12T09:37:08.014Z","v":0}
{"name":"hexo","hostname":"shawn-HP","pid":9312,"level":20,"msg":"Plugin loaded: hexo-generator-archive","time":"2017-04-12T09:37:08.018Z","v":0}
{"name":"hexo","hostname":"shawn-HP","pid":9312,"level":20,"msg":"Plugin loaded: hexo-generator-index","time":"2017-04-12T09:37:08.020Z","v":0}
{"name":"hexo","hostname":"shawn-HP","pid":9312,"level":20,"msg":"Plugin loaded: hexo-generator-json-content","time":"2017-04-12T09:37:08.042Z","v":0}
{"name":"hexo","hostname":"shawn-HP","pid":9312,"level":20,"msg":"Plugin loaded: hexo-generator-tag","time":"2017-04-12T09:37:08.043Z","v":0}
{"name":"hexo","hostname":"shawn-HP","pid":9312,"level":20,"msg":"Plugin loaded: hexo-renderer-ejs","time":"2017-04-12T09:37:08.045Z","v":0}
{"name":"hexo","hostname":"shawn-HP","pid":9312,"level":20,"msg":"Plugin loaded: hexo-renderer-marked","time":"2017-04-12T09:37:08.049Z","v":0}
{"name":"hexo","hostname":"shawn-HP","pid":9312,"level":20,"msg":"Plugin loaded: hexo-renderer-stylus","time":"2017-04-12T09:37:08.050Z","v":0}
{"name":"hexo","hostname":"shawn-HP","pid":9312,"level":20,"msg":"Plugin loaded: hexo-server","time":"2017-04-12T09:37:08.108Z","v":0}
{"name":"hexo","hostname":"shawn-HP","pid":9312,"level":20,"msg":"Plugin loaded: hexo-renderer-jade","time":"2017-04-12T09:37:08.450Z","v":0}
{"name":"hexo","hostname":"shawn-HP","pid":9312,"level":20,"msg":"Loading database.","time":"2017-04-12T09:37:08.457Z","v":0}
{"name":"hexo","hostname":"shawn-HP","pid":9312,"level":30,"msg":"Start processing","time":"2017-04-12T09:37:08.465Z","v":0}
{"name":"hexo","hostname":"shawn-HP","pid":9312,"level":20,"msg":"Processed: source/apple-touch-icon.png","time":"2017-04-12T09:37:08.511Z","v":0}
{"name":"hexo","hostname":"shawn-HP","pid":9312,"level":20,"msg":"Processed: source/favicon.ico","time":"2017-04-12T09:37:08.511Z","v":0}
{"name":"hexo","hostname":"shawn-HP","pid":9312,"level":20,"msg":"Theme config loaded.","time":"2017-04-12T09:37:08.517Z","v":0}
{"name":"hexo","hostname":"shawn-HP","pid":9312,"level":20,"msg":"Processed: _config.yml","time":"2017-04-12T09:37:08.517Z","v":0}
{"name":"hexo","hostname":"shawn-HP","pid":9312,"level":20,"msg":"Processed: source/css/highlight.styl","time":"2017-04-12T09:37:08.529Z","v":0}
{"name":"hexo","hostname":"shawn-HP","pid":9312,"level":20,"msg":"Processed: source/css/style.styl","time":"2017-04-12T09:37:08.530Z","v":0}
{"name":"hexo","hostname":"shawn-HP","pid":9312,"level":20,"msg":"Processed: source/iconfont/iconfont.eot","time":"2017-04-12T09:37:08.530Z","v":0}
{"name":"hexo","hostname":"shawn-HP","pid":9312,"level":20,"msg":"Processed: source/iconfont/iconfont.svg","time":"2017-04-12T09:37:08.530Z","v":0}
{"name":"hexo","hostname":"shawn-HP","pid":9312,"level":20,"msg":"Processed: source/iconfont/iconfont.ttf","time":"2017-04-12T09:37:08.531Z","v":0}
{"name":"hexo","hostname":"shawn-HP","pid":9312,"level":20,"msg":"Processed: source/iconfont/iconfont.woff","time":"2017-04-12T09:37:08.531Z","v":0}
{"name":"hexo","hostname":"shawn-HP","pid":9312,"level":20,"msg":"Processed: source/js/search.json.js","time":"2017-04-12T09:37:08.531Z","v":0}
{"name":"hexo","hostname":"shawn-HP","pid":9312,"level":20,"msg":"Processed: source/js/totop.js","time":"2017-04-12T09:37:08.533Z","v":0}
{"name":"hexo","hostname":"shawn-HP","pid":9312,"level":20,"msg":"Processed: _posts/hello-world.md","time":"2017-04-12T09:37:08.547Z","v":0}
{"name":"hexo","hostname":"shawn-HP","pid":9312,"level":20,"msg":"Processed: _posts/test.md","time":"2017-04-12T09:37:08.548Z","v":0}
{"name":"hexo","hostname":"shawn-HP","pid":9312,"level":20,"msg":"Processed: source/img/bg.jpg","time":"2017-04-12T09:37:08.548Z","v":0}
{"name":"hexo","hostname":"shawn-HP","pid":9312,"level":20,"msg":"Processed: layout/archive.jade","time":"2017-04-12T09:37:09.228Z","v":0}
{"name":"hexo","hostname":"shawn-HP","pid":9312,"level":20,"msg":"Processed: layout/base.jade","time":"2017-04-12T09:37:09.229Z","v":0}
{"name":"hexo","hostname":"shawn-HP","pid":9312,"level":20,"msg":"Processed: layout/category.jade","time":"2017-04-12T09:37:09.229Z","v":0}
{"name":"hexo","hostname":"shawn-HP","pid":9312,"level":20,"msg":"Processed: layout/index.jade","time":"2017-04-12T09:37:09.229Z","v":0}
{"name":"hexo","hostname":"shawn-HP","pid":9312,"level":20,"msg":"Processed: layout/page.jade","time":"2017-04-12T09:37:09.229Z","v":0}
{"name":"hexo","hostname":"shawn-HP","pid":9312,"level":20,"msg":"Processed: layout/post.jade","time":"2017-04-12T09:37:09.229Z","v":0}
{"name":"hexo","hostname":"shawn-HP","pid":9312,"level":20,"msg":"Processed: layout/tag.jade","time":"2017-04-12T09:37:09.229Z","v":0}
{"name":"hexo","hostname":"shawn-HP","pid":9312,"level":20,"msg":"Processed: languages/de-DE.yml","time":"2017-04-12T09:37:09.230Z","v":0}
{"name":"hexo","hostname":"shawn-HP","pid":9312,"level":20,"msg":"Processed: languages/es-ES.yml","time":"2017-04-12T09:37:09.230Z","v":0}
{"name":"hexo","hostname":"shawn-HP","pid":9312,"level":20,"msg":"Processed: languages/fr-FR.yml","time":"2017-04-12T09:37:09.230Z","v":0}
{"name":"hexo","hostname":"shawn-HP","pid":9312,"level":20,"msg":"Processed: languages/zh-CN.yml","time":"2017-04-12T09:37:09.230Z","v":0}
{"name":"hexo","hostname":"shawn-HP","pid":9312,"level":20,"msg":"Processed: languages/zh-TW.yml","time":"2017-04-12T09:37:09.230Z","v":0}
{"name":"hexo","hostname":"shawn-HP","pid":9312,"level":20,"msg":"Processed: languages/ko.yml","time":"2017-04-12T09:37:09.230Z","v":0}
{"name":"hexo","hostname":"shawn-HP","pid":9312,"level":20,"msg":"Processed: languages/en.yml","time":"2017-04-12T09:37:09.230Z","v":0}
{"name":"hexo","hostname":"shawn-HP","pid":9312,"level":20,"msg":"Processed: layout/_partial/after_footer.jade","time":"2017-04-12T09:37:09.301Z","v":0}
{"name":"hexo","hostname":"shawn-HP","pid":9312,"level":20,"msg":"Processed: layout/_partial/comments.jade","time":"2017-04-12T09:37:09.301Z","v":0}
{"name":"hexo","hostname":"shawn-HP","pid":9312,"level":20,"msg":"Processed: layout/_partial/footer.jade","time":"2017-04-12T09:37:09.301Z","v":0}
{"name":"hexo","hostname":"shawn-HP","pid":9312,"level":20,"msg":"Processed: layout/_partial/mathjax.jade","time":"2017-04-12T09:37:09.301Z","v":0}
{"name":"hexo","hostname":"shawn-HP","pid":9312,"level":20,"msg":"Processed: layout/_partial/mathjax2.jade","time":"2017-04-12T09:37:09.301Z","v":0}
{"name":"hexo","hostname":"shawn-HP","pid":9312,"level":20,"msg":"Processed: layout/_partial/post_nav.jade","time":"2017-04-12T09:37:09.301Z","v":0}
{"name":"hexo","hostname":"shawn-HP","pid":9312,"level":20,"msg":"Processed: layout/_partial/paginator.jade","time":"2017-04-12T09:37:09.301Z","v":0}
{"name":"hexo","hostname":"shawn-HP","pid":9312,"level":20,"msg":"Processed: layout/_partial/helpers.jade","time":"2017-04-12T09:37:09.301Z","v":0}
{"name":"hexo","hostname":"shawn-HP","pid":9312,"level":20,"msg":"Processed: layout/_partial/totop.jade","time":"2017-04-12T09:37:09.301Z","v":0}
{"name":"hexo","hostname":"shawn-HP","pid":9312,"level":20,"msg":"Processed: layout/_widget/archive.jade","time":"2017-04-12T09:37:09.302Z","v":0}
{"name":"hexo","hostname":"shawn-HP","pid":9312,"level":20,"msg":"Processed: layout/_partial/tag.jade","time":"2017-04-12T09:37:09.302Z","v":0}
{"name":"hexo","hostname":"shawn-HP","pid":9312,"level":20,"msg":"Processed: layout/_widget/links.jade","time":"2017-04-12T09:37:09.302Z","v":0}
{"name":"hexo","hostname":"shawn-HP","pid":9312,"level":20,"msg":"Processed: layout/_widget/recent_posts.jade","time":"2017-04-12T09:37:09.302Z","v":0}
{"name":"hexo","hostname":"shawn-HP","pid":9312,"level":20,"msg":"Processed: layout/_widget/category.jade","time":"2017-04-12T09:37:09.302Z","v":0}
{"name":"hexo","hostname":"shawn-HP","pid":9312,"level":20,"msg":"Processed: layout/_widget/search.jade","time":"2017-04-12T09:37:09.302Z","v":0}
{"name":"hexo","hostname":"shawn-HP","pid":9312,"level":20,"msg":"Processed: layout/_widget/tag.jade","time":"2017-04-12T09:37:09.302Z","v":0}
{"name":"hexo","hostname":"shawn-HP","pid":9312,"level":20,"msg":"Processed: layout/_widget/weibo.jade","time":"2017-04-12T09:37:09.302Z","v":0}
{"name":"hexo","hostname":"shawn-HP","pid":9312,"level":20,"msg":"Processed: layout/_widget/recent_comments.jade","time":"2017-04-12T09:37:09.302Z","v":0}
{"name":"hexo","hostname":"shawn-HP","pid":9312,"level":20,"msg":"Generator: page","time":"2017-04-12T09:37:09.468Z","v":0}
{"name":"hexo","hostname":"shawn-HP","pid":9312,"level":20,"msg":"Generator: post","time":"2017-04-12T09:37:09.469Z","v":0}
{"name":"hexo","hostname":"shawn-HP","pid":9312,"level":20,"msg":"Generator: category","time":"2017-04-12T09:37:09.469Z","v":0}
{"name":"hexo","hostname":"shawn-HP","pid":9312,"level":20,"msg":"Generator: archive","time":"2017-04-12T09:37:09.469Z","v":0}
{"name":"hexo","hostname":"shawn-HP","pid":9312,"level":20,"msg":"Generator: index","time":"2017-04-12T09:37:09.469Z","v":0}
{"name":"hexo","hostname":"shawn-HP","pid":9312,"level":20,"msg":"Generator: json-content","time":"2017-04-12T09:37:09.469Z","v":0}
{"name":"hexo","hostname":"shawn-HP","pid":9312,"level":20,"msg":"Generator: tag","time":"2017-04-12T09:37:09.469Z","v":0}
{"name":"hexo","hostname":"shawn-HP","pid":9312,"level":20,"msg":"Generator: asset","time":"2017-04-12T09:37:09.471Z","v":0}
{"name":"hexo","hostname":"shawn-HP","pid":9312,"level":30,"msg":"Hexo is running at http://localhost:4000/blogRecord/. Press Ctrl+C to stop.","time":"2017-04-12T09:37:09.481Z","v":0}
{"name":"hexo","hostname":"shawn-HP","pid":9312,"level":20,"msg":"Database saved","time":"2017-04-12T09:37:09.495Z","v":0}
{"name":"hexo","hostname":"shawn-HP","pid":9312,"level":20,"msg":"Rendering index: index.html","time":"2017-04-12T09:37:16.300Z","v":0}
{"name":"hexo","hostname":"shawn-HP","pid":9312,"level":20,"msg":"Rendering archive: archives/index.html","time":"2017-04-12T09:37:29.043Z","v":0}
{"name":"hexo","hostname":"shawn-HP","pid":9312,"level":20,"msg":"Rendering index: index.html","time":"2017-04-12T09:37:40.759Z","v":0}
